<?xml version="1.0" encoding="UTF-8"?>
<testng-results skipped="0" failed="2" ignored="0" retried="1" total="6" passed="3">
  <reporter-output>
  </reporter-output>
  <suite name="Suite" duration-ms="55524" started-at="2024-08-16T17:01:50 IST" finished-at="2024-08-16T17:02:46 IST">
    <groups>
    </groups>
    <test name="Submit order" duration-ms="35508" started-at="2024-08-16T17:01:50 IST" finished-at="2024-08-16T17:02:26 IST">
      <class name="seleniumframework.FinalTestngTest">
        <test-method status="PASS" signature="launchApp()[pri:0, instance:seleniumframework.FinalTestngTest@42e99e4a]" name="launchApp" is-config="true" duration-ms="11798" started-at="2024-08-16T17:01:51 IST" finished-at="2024-08-16T17:02:03 IST">
          <reporter-output>
          </reporter-output>
        </test-method> <!-- launchApp -->
        <test-method status="PASS" signature="submitOrder(java.util.HashMap)[pri:0, instance:seleniumframework.FinalTestngTest@42e99e4a]" name="submitOrder" duration-ms="5016" started-at="2024-08-16T17:02:03 IST" data-provider="getData" finished-at="2024-08-16T17:02:08 IST">
          <params>
            <param index="0">
              <value>
                <![CDATA[{product=ZARA COAT 3, pwd=Skp@1234, email=skp123@gmail.com}]]>
              </value>
            </param>
          </params>
          <reporter-output>
          </reporter-output>
        </test-method> <!-- submitOrder -->
        <test-method status="PASS" signature="closedriver()[pri:0, instance:seleniumframework.FinalTestngTest@42e99e4a]" name="closedriver" is-config="true" duration-ms="1954" started-at="2024-08-16T17:02:08 IST" finished-at="2024-08-16T17:02:10 IST">
          <reporter-output>
          </reporter-output>
        </test-method> <!-- closedriver -->
        <test-method status="PASS" signature="launchApp()[pri:0, instance:seleniumframework.FinalTestngTest@42e99e4a]" name="launchApp" is-config="true" duration-ms="4240" started-at="2024-08-16T17:02:10 IST" finished-at="2024-08-16T17:02:14 IST">
          <reporter-output>
          </reporter-output>
        </test-method> <!-- launchApp -->
        <test-method status="PASS" signature="submitOrder(java.util.HashMap)[pri:0, instance:seleniumframework.FinalTestngTest@42e99e4a]" name="submitOrder" duration-ms="4442" started-at="2024-08-16T17:02:14 IST" data-provider="getData" finished-at="2024-08-16T17:02:18 IST">
          <params>
            <param index="0">
              <value>
                <![CDATA[{product=IPHONE 13 PRO, pwd=Apeksha@2024, email= apeksha@gmail.com}]]>
              </value>
            </param>
          </params>
          <reporter-output>
          </reporter-output>
        </test-method> <!-- submitOrder -->
        <test-method status="PASS" signature="closedriver()[pri:0, instance:seleniumframework.FinalTestngTest@42e99e4a]" name="closedriver" is-config="true" duration-ms="213" started-at="2024-08-16T17:02:18 IST" finished-at="2024-08-16T17:02:19 IST">
          <reporter-output>
          </reporter-output>
        </test-method> <!-- closedriver -->
        <test-method status="PASS" signature="launchApp()[pri:0, instance:seleniumframework.FinalTestngTest@42e99e4a]" name="launchApp" is-config="true" duration-ms="6221" started-at="2024-08-16T17:02:19 IST" finished-at="2024-08-16T17:02:25 IST">
          <reporter-output>
          </reporter-output>
        </test-method> <!-- launchApp -->
        <test-method status="PASS" signature="OrderHistorycheck()[pri:0, instance:seleniumframework.FinalTestngTest@42e99e4a]" name="OrderHistorycheck" duration-ms="843" started-at="2024-08-16T17:02:25 IST" depends-on-methods="seleniumframework.FinalTestngTest.submitOrder" finished-at="2024-08-16T17:02:26 IST">
          <reporter-output>
          </reporter-output>
        </test-method> <!-- OrderHistorycheck -->
        <test-method status="PASS" signature="closedriver()[pri:0, instance:seleniumframework.FinalTestngTest@42e99e4a]" name="closedriver" is-config="true" duration-ms="87" started-at="2024-08-16T17:02:26 IST" finished-at="2024-08-16T17:02:26 IST">
          <reporter-output>
          </reporter-output>
        </test-method> <!-- closedriver -->
      </class> <!-- seleniumframework.FinalTestngTest -->
    </test> <!-- Submit order -->
    <test name="ErrorValidation" duration-ms="19140" started-at="2024-08-16T17:02:27 IST" finished-at="2024-08-16T17:02:46 IST">
      <class name="seleniumframework.ErrorValidationTest">
        <test-method status="PASS" signature="launchApp()[pri:0, instance:seleniumframework.ErrorValidationTest@1623b78d]" name="launchApp" is-config="true" duration-ms="5296" started-at="2024-08-16T17:02:27 IST" finished-at="2024-08-16T17:02:32 IST">
          <reporter-output>
          </reporter-output>
        </test-method> <!-- launchApp -->
        <test-method status="FAIL" signature="LoginCheck()[pri:0, instance:seleniumframework.ErrorValidationTest@1623b78d]" name="LoginCheck" duration-ms="605" started-at="2024-08-16T17:02:32 IST" finished-at="2024-08-16T17:02:33 IST">
          <exception class="java.lang.AssertionError">
            <message>
              <![CDATA[expected [Login Successfully] but found [Login Successfully........]]]>
            </message>
            <full-stacktrace>
              <![CDATA[java.lang.AssertionError: expected [Login Successfully] but found [Login Successfully........]
at org.testng.Assert.fail(Assert.java:99)
at org.testng.Assert.failNotEquals(Assert.java:1037)
at org.testng.Assert.assertEqualsImpl(Assert.java:140)
at org.testng.Assert.assertEquals(Assert.java:122)
at org.testng.Assert.assertEquals(Assert.java:629)
at org.testng.Assert.assertEquals(Assert.java:639)
at seleniumframework.ErrorValidationTest.LoginCheck(ErrorValidationTest.java:17)
at sun.reflect.NativeMethodAccessorImpl.invoke0(Native Method)
at sun.reflect.NativeMethodAccessorImpl.invoke(Unknown Source)
at sun.reflect.DelegatingMethodAccessorImpl.invoke(Unknown Source)
at java.lang.reflect.Method.invoke(Unknown Source)
at org.testng.internal.MethodInvocationHelper.invokeMethod(MethodInvocationHelper.java:133)
at org.testng.internal.TestInvoker.invokeMethod(TestInvoker.java:598)
at org.testng.internal.TestInvoker.invokeTestMethod(TestInvoker.java:173)
at org.testng.internal.MethodRunner.runInSequence(MethodRunner.java:46)
at org.testng.internal.TestInvoker$MethodInvocationAgent.invoke(TestInvoker.java:824)
at org.testng.internal.TestInvoker.invokeTestMethods(TestInvoker.java:146)
at org.testng.internal.TestMethodWorker.invokeTestMethods(TestMethodWorker.java:146)
at org.testng.internal.TestMethodWorker.run(TestMethodWorker.java:128)
at java.util.ArrayList.forEach(Unknown Source)
at org.testng.TestRunner.privateRun(TestRunner.java:794)
at org.testng.TestRunner.run(TestRunner.java:596)
at org.testng.SuiteRunner.runTest(SuiteRunner.java:377)
at org.testng.SuiteRunner.runSequentially(SuiteRunner.java:371)
at org.testng.SuiteRunner.privateRun(SuiteRunner.java:332)
at org.testng.SuiteRunner.run(SuiteRunner.java:276)
at org.testng.SuiteRunnerWorker.runSuite(SuiteRunnerWorker.java:53)
at org.testng.SuiteRunnerWorker.run(SuiteRunnerWorker.java:96)
at org.testng.TestNG.runSuitesSequentially(TestNG.java:1212)
at org.testng.TestNG.runSuitesLocally(TestNG.java:1134)
at org.testng.TestNG.runSuites(TestNG.java:1063)
at org.testng.TestNG.run(TestNG.java:1031)
at org.testng.remote.AbstractRemoteTestNG.run(AbstractRemoteTestNG.java:115)
at org.testng.remote.RemoteTestNG.initAndRun(RemoteTestNG.java:251)
at org.testng.remote.RemoteTestNG.main(RemoteTestNG.java:77)
]]>
            </full-stacktrace>
          </exception> <!-- java.lang.AssertionError -->
          <reporter-output>
          </reporter-output>
        </test-method> <!-- LoginCheck -->
        <test-method status="PASS" signature="closedriver()[pri:0, instance:seleniumframework.ErrorValidationTest@1623b78d]" name="closedriver" is-config="true" duration-ms="165" started-at="2024-08-16T17:02:33 IST" finished-at="2024-08-16T17:02:33 IST">
          <reporter-output>
          </reporter-output>
        </test-method> <!-- closedriver -->
        <test-method status="PASS" signature="launchApp()[pri:0, instance:seleniumframework.ErrorValidationTest@1623b78d]" name="launchApp" is-config="true" duration-ms="3718" started-at="2024-08-16T17:02:33 IST" finished-at="2024-08-16T17:02:37 IST">
          <reporter-output>
          </reporter-output>
        </test-method> <!-- launchApp -->
        <test-method status="SKIP" signature="checkProductinCart()[pri:0, instance:seleniumframework.ErrorValidationTest@1623b78d]" name="checkProductinCart" duration-ms="895" retried="true" started-at="2024-08-16T17:02:37 IST" finished-at="2024-08-16T17:02:38 IST">
          <exception class="java.lang.NullPointerException">
            <full-stacktrace>
              <![CDATA[java.lang.NullPointerException
at seleniumframework.pageobjects.CataloguePage.addtoCart(CataloguePage.java:49)
at seleniumframework.ErrorValidationTest.checkProductinCart(ErrorValidationTest.java:26)
at sun.reflect.NativeMethodAccessorImpl.invoke0(Native Method)
at sun.reflect.NativeMethodAccessorImpl.invoke(Unknown Source)
at sun.reflect.DelegatingMethodAccessorImpl.invoke(Unknown Source)
at java.lang.reflect.Method.invoke(Unknown Source)
at org.testng.internal.MethodInvocationHelper.invokeMethod(MethodInvocationHelper.java:133)
at org.testng.internal.TestInvoker.invokeMethod(TestInvoker.java:598)
at org.testng.internal.TestInvoker.invokeTestMethod(TestInvoker.java:173)
at org.testng.internal.MethodRunner.runInSequence(MethodRunner.java:46)
at org.testng.internal.TestInvoker$MethodInvocationAgent.invoke(TestInvoker.java:824)
at org.testng.internal.TestInvoker.invokeTestMethods(TestInvoker.java:146)
at org.testng.internal.TestMethodWorker.invokeTestMethods(TestMethodWorker.java:146)
at org.testng.internal.TestMethodWorker.run(TestMethodWorker.java:128)
at java.util.ArrayList.forEach(Unknown Source)
at org.testng.TestRunner.privateRun(TestRunner.java:794)
at org.testng.TestRunner.run(TestRunner.java:596)
at org.testng.SuiteRunner.runTest(SuiteRunner.java:377)
at org.testng.SuiteRunner.runSequentially(SuiteRunner.java:371)
at org.testng.SuiteRunner.privateRun(SuiteRunner.java:332)
at org.testng.SuiteRunner.run(SuiteRunner.java:276)
at org.testng.SuiteRunnerWorker.runSuite(SuiteRunnerWorker.java:53)
at org.testng.SuiteRunnerWorker.run(SuiteRunnerWorker.java:96)
at org.testng.TestNG.runSuitesSequentially(TestNG.java:1212)
at org.testng.TestNG.runSuitesLocally(TestNG.java:1134)
at org.testng.TestNG.runSuites(TestNG.java:1063)
at org.testng.TestNG.run(TestNG.java:1031)
at org.testng.remote.AbstractRemoteTestNG.run(AbstractRemoteTestNG.java:115)
at org.testng.remote.RemoteTestNG.initAndRun(RemoteTestNG.java:251)
at org.testng.remote.RemoteTestNG.main(RemoteTestNG.java:77)
]]>
            </full-stacktrace>
          </exception> <!-- java.lang.NullPointerException -->
          <reporter-output>
          </reporter-output>
        </test-method> <!-- checkProductinCart -->
        <test-method status="PASS" signature="closedriver()[pri:0, instance:seleniumframework.ErrorValidationTest@1623b78d]" name="closedriver" is-config="true" duration-ms="239" started-at="2024-08-16T17:02:38 IST" finished-at="2024-08-16T17:02:38 IST">
          <reporter-output>
          </reporter-output>
        </test-method> <!-- closedriver -->
        <test-method status="PASS" signature="launchApp()[pri:0, instance:seleniumframework.ErrorValidationTest@1623b78d]" name="launchApp" is-config="true" duration-ms="6376" started-at="2024-08-16T17:02:38 IST" finished-at="2024-08-16T17:02:44 IST">
          <reporter-output>
          </reporter-output>
        </test-method> <!-- launchApp -->
        <test-method status="FAIL" signature="checkProductinCart()[pri:0, instance:seleniumframework.ErrorValidationTest@1623b78d]" name="checkProductinCart" duration-ms="864" started-at="2024-08-16T17:02:44 IST" finished-at="2024-08-16T17:02:45 IST">
          <exception class="java.lang.NullPointerException">
            <full-stacktrace>
              <![CDATA[java.lang.NullPointerException
at seleniumframework.pageobjects.CataloguePage.addtoCart(CataloguePage.java:49)
at seleniumframework.ErrorValidationTest.checkProductinCart(ErrorValidationTest.java:26)
at sun.reflect.NativeMethodAccessorImpl.invoke0(Native Method)
at sun.reflect.NativeMethodAccessorImpl.invoke(Unknown Source)
at sun.reflect.DelegatingMethodAccessorImpl.invoke(Unknown Source)
at java.lang.reflect.Method.invoke(Unknown Source)
at org.testng.internal.MethodInvocationHelper.invokeMethod(MethodInvocationHelper.java:133)
at org.testng.internal.TestInvoker.invokeMethod(TestInvoker.java:598)
at org.testng.internal.TestInvoker.retryFailed(TestInvoker.java:213)
at org.testng.internal.MethodRunner.runInSequence(MethodRunner.java:58)
at org.testng.internal.TestInvoker$MethodInvocationAgent.invoke(TestInvoker.java:824)
at org.testng.internal.TestInvoker.invokeTestMethods(TestInvoker.java:146)
at org.testng.internal.TestMethodWorker.invokeTestMethods(TestMethodWorker.java:146)
at org.testng.internal.TestMethodWorker.run(TestMethodWorker.java:128)
at java.util.ArrayList.forEach(Unknown Source)
at org.testng.TestRunner.privateRun(TestRunner.java:794)
at org.testng.TestRunner.run(TestRunner.java:596)
at org.testng.SuiteRunner.runTest(SuiteRunner.java:377)
at org.testng.SuiteRunner.runSequentially(SuiteRunner.java:371)
at org.testng.SuiteRunner.privateRun(SuiteRunner.java:332)
at org.testng.SuiteRunner.run(SuiteRunner.java:276)
at org.testng.SuiteRunnerWorker.runSuite(SuiteRunnerWorker.java:53)
at org.testng.SuiteRunnerWorker.run(SuiteRunnerWorker.java:96)
at org.testng.TestNG.runSuitesSequentially(TestNG.java:1212)
at org.testng.TestNG.runSuitesLocally(TestNG.java:1134)
at org.testng.TestNG.runSuites(TestNG.java:1063)
at org.testng.TestNG.run(TestNG.java:1031)
at org.testng.remote.AbstractRemoteTestNG.run(AbstractRemoteTestNG.java:115)
at org.testng.remote.RemoteTestNG.initAndRun(RemoteTestNG.java:251)
at org.testng.remote.RemoteTestNG.main(RemoteTestNG.java:77)
]]>
            </full-stacktrace>
          </exception> <!-- java.lang.NullPointerException -->
          <reporter-output>
          </reporter-output>
        </test-method> <!-- checkProductinCart -->
        <test-method status="PASS" signature="closedriver()[pri:0, instance:seleniumframework.ErrorValidationTest@1623b78d]" name="closedriver" is-config="true" duration-ms="401" started-at="2024-08-16T17:02:45 IST" finished-at="2024-08-16T17:02:46 IST">
          <reporter-output>
          </reporter-output>
        </test-method> <!-- closedriver -->
      </class> <!-- seleniumframework.ErrorValidationTest -->
    </test> <!-- ErrorValidation -->
  </suite> <!-- Suite -->
</testng-results>
